line profiling: sample.interval=20000
#File 1: 
">" "standardGeneric" "which" "[.data.frame" 1#11 "[" 1#11 
">" "standardGeneric" "which" "[.data.frame" 1#11 "[" 1#11 
">" "standardGeneric" "which" "[.data.frame" 1#11 "[" 1#11 
"<" "standardGeneric" "which" "[.data.frame" 1#11 "[" 1#11 
"<" "standardGeneric" "which" "[.data.frame" 1#11 "[" 1#11 
"as.numeric" "standardGeneric" "which" "[.data.frame" 1#11 "[" 1#11 
"as.numeric" "standardGeneric" "which" "[.data.frame" 1#11 "[" 1#11 
"as.numeric" "standardGeneric" "which" "[.data.frame" 1#11 "[" 1#11 
"as.numeric" "standardGeneric" "which" "[.data.frame" 1#11 "[" 1#11 
"as.numeric" "standardGeneric" "which" "[.data.frame" 1#11 "[" 1#11 
"as.numeric" "standardGeneric" "which" "[.data.frame" 1#11 "[" 1#11 
"as.numeric" "standardGeneric" "which" "[.data.frame" 1#11 "[" 1#11 
"as.numeric" "standardGeneric" "which" "[.data.frame" 1#11 "[" 1#11 
"as.numeric" "standardGeneric" "which" "[.data.frame" 1#11 "[" 1#11 
"as.numeric" "standardGeneric" "which" "[.data.frame" 1#11 "[" 1#11 
"as.numeric" "standardGeneric" "which" "[.data.frame" 1#11 "[" 1#11 
"as.numeric" "standardGeneric" "which" "[.data.frame" 1#11 "[" 1#11 
"as.numeric" "standardGeneric" "which" "[.data.frame" 1#11 "[" 1#11 
"as.numeric" "standardGeneric" "which" "[.data.frame" 1#11 "[" 1#11 
"as.numeric" "standardGeneric" "which" "[.data.frame" 1#11 "[" 1#11 
"as.numeric" "standardGeneric" "which" "[.data.frame" 1#11 "[" 1#11 
"as.numeric" "standardGeneric" "which" "[.data.frame" 1#11 "[" 1#11 
"as.numeric" "standardGeneric" "which" "[.data.frame" 1#11 "[" 1#11 
"as.numeric" "standardGeneric" "which" "[.data.frame" 1#11 "[" 1#11 
"as.numeric" "standardGeneric" "which" "[.data.frame" 1#11 "[" 1#11 
"as.numeric" "standardGeneric" "which" "[.data.frame" 1#11 "[" 1#11 
"as.numeric" "standardGeneric" "which" "[.data.frame" 1#11 "[" 1#11 
"as.numeric" "standardGeneric" "which" "[.data.frame" 1#11 "[" 1#11 
"==" "standardGeneric" "which" "[.data.frame" 1#11 "[" 1#11 
"[.data.frame" 1#11 "[" 1#11 
1#26 
"structure" "data.frame" 1#26 
"structure" "data.frame" 1#26 
#File 2: Functions\Overlaps functions.R
2#3 "betweenFunction" 2#8 "overlapsFunction" 1#39 
"[[" 1#35 
1#35 
"levels" "rbind" "rbind" "eval" "eval" "eval" "standardGeneric" "rbind" 1#44 
2#3 "betweenFunction" 2#8 "overlapsFunction" 1#39 
"[[" 1#35 
".subset" "[.data.frame" 1#35 "[" 1#35 
"%in%" "[[.data.frame" "[[" "rbind" "rbind" "eval" "eval" "eval" "standardGeneric" "rbind" 1#44 
"tryCatch" "ls" "keys" "keys" "names.hash" "names" "names" "standardGeneric" "%in%" 1#38 
"rbind" "rbind" "eval" "eval" "eval" "standardGeneric" "rbind" 1#44 
"[[" 1#35 
"ls" "keys" "keys" "names.hash" "names" "names" "standardGeneric" "%in%" 1#38 
"rbind" "rbind" "eval" "eval" "eval" "standardGeneric" "rbind" 1#44 
"rbind" "rbind" "eval" "eval" "eval" "standardGeneric" "rbind" 1#44 
"sys.call" "%in%" "[.data.frame" 1#36 "[" 1#36 
2#8 "[" 2#8 "betweenFunction" 2#8 "overlapsFunction" 1#39 
"%in%" "[.data.frame" 1#36 "[" 1#36 
"as.vector" "as.vector.factor" "as.vector" "as.vector" "factor" "rbind" "rbind" "eval" "eval" "eval" "standardGeneric" "rbind" 1#44 
"[.data.frame" "[" "eval" "eval" "eval" "standardGeneric" "rbind" 1#44 
"ls" "keys" "keys" "names.hash" "names" "names" "standardGeneric" "%in%" 1#38 
"[[" "[.data.frame" "[" "eval" "eval" "eval" "standardGeneric" "rbind" 1#44 
"keys" "names.hash" "names" "names" "standardGeneric" "%in%" 1#38 
"match.fun" "lapply" "lapply" "standardGeneric" "rbind" 1#44 
"standardGeneric" "%in%" 1#38 
"%in%" "[.data.frame" 2#8 "[" 2#8 "betweenFunction" 2#8 "overlapsFunction" 1#39 
"ls" "keys" "keys" "names.hash" "names" "names" "standardGeneric" "%in%" 1#38 
"rbind" "rbind" "eval" "eval" "eval" "standardGeneric" "rbind" 1#44 
"%in%" "[[.data.frame" "[[" "[.data.frame" "[" "eval" "eval" "eval" "standardGeneric" "rbind" 1#44 
"%in%" "[.data.frame" 1#35 "[" 1#35 
"sort" "methods:::.selectDotsMethod" "standardGeneric" "rbind" 1#44 
"[.data.frame" 2#8 "[" 2#8 "betweenFunction" 2#8 "overlapsFunction" 1#39 
1#44 "[[" 1#44 
"ls" "keys" "keys" "names.hash" "names" "names" "standardGeneric" "%in%" 1#38 
"rbind" "rbind" "eval" "eval" "eval" "standardGeneric" "rbind" 1#44 
"seq.int" "rbind" "rbind" "eval" "eval" "eval" "standardGeneric" "rbind" 1#44 
"[[" 1#35 
"ls" "keys" "keys" "names.hash" "names" "names" "standardGeneric" "%in%" 1#38 
"[" "[.data.frame" "[" "eval" "eval" "eval" "standardGeneric" "rbind" 1#44 
"%in%" "[.data.frame" 1#35 "[" 1#35 
"[.data.frame" "[" "eval" "eval" "eval" "standardGeneric" "rbind" 1#44 
"[.data.frame" 1#35 "[" 1#35 
"is.factor" "rbind" "rbind" "eval" "eval" "eval" "standardGeneric" "rbind" 1#44 
"[[" 1#35 
"%in%" "[.data.frame" 2#8 "[" 2#8 "betweenFunction" 2#8 "overlapsFunction" 1#39 
1#38 
"rbind" "rbind" "eval" "eval" "eval" "standardGeneric" "rbind" 1#44 
"standardGeneric" "%in%" 1#38 
"standardGeneric" "%in%" 1#38 
".subset" "[.data.frame" 1#35 "[" 1#35 
"%in%" "standardGeneric" "%in%" 1#38 
"ls" "keys" "keys" "names.hash" "names" "names" "standardGeneric" "%in%" 1#38 
"structure" "rbind" "rbind" "eval" "eval" "eval" "standardGeneric" "rbind" 1#44 
"ls" "keys" "keys" "names.hash" "names" "names" "standardGeneric" "%in%" 1#38 
"[.data.frame" 2#8 "[" 2#8 "betweenFunction" 2#8 "overlapsFunction" 1#39 
"[.data.frame" 2#8 "[" 2#8 "betweenFunction" 2#8 "overlapsFunction" 1#39 
"ls" "keys" "keys" "names.hash" "names" "names" "standardGeneric" "%in%" 1#38 
"names" "%in%" "[.data.frame" 1#35 "[" 1#35 
"anyDuplicated.default" "anyDuplicated" "[.data.frame" "[" "eval" "eval" "eval" "standardGeneric" "rbind" 1#44 
"sys.call" "%in%" "[[.data.frame" "[[" "[.data.frame" "[" "eval" "eval" "eval" "standardGeneric" "rbind" 1#44 
"[[" 1#44 
"ls" "keys" "keys" "names.hash" "names" "names" "standardGeneric" "%in%" 1#38 
"[.data.frame" 2#8 "[" 2#8 "betweenFunction" 2#8 "overlapsFunction" 1#39 
"sys.function" "match.call" "standardGeneric" "rbind" 1#44 
".subset" "[.data.frame" 2#8 "[" 2#8 "betweenFunction" 2#8 "overlapsFunction" 1#39 
"keys" "names.hash" "names" "names" "standardGeneric" "%in%" 1#38 
"rbind" "rbind" "eval" "eval" "eval" "standardGeneric" "rbind" 1#44 
"[[" 1#35 
"structure" "rbind" "rbind" "eval" "eval" "eval" "standardGeneric" "rbind" 1#44 
"sys.call" "match.call" "standardGeneric" "rbind" 1#44 
"as.vector.factor" "as.vector" "as.vector" "rbind" "rbind" "eval" "eval" "eval" "standardGeneric" "rbind" 1#44 
"[.data.frame" 1#36 "[" 1#36 
".subset" "[.data.frame" 1#35 "[" 1#35 
"<Anonymous>" "[[.data.frame" "[[" "[.data.frame" "[" "eval" "eval" "eval" "standardGeneric" "rbind" 1#44 
"ls" "keys" "keys" "names.hash" "names" "names" "standardGeneric" "%in%" 1#38 
"standardGeneric" "%in%" 1#38 
2#8 "[" 2#8 "betweenFunction" 2#8 "overlapsFunction" 1#39 
"rbind" "rbind" "eval" "eval" "eval" "standardGeneric" "rbind" 1#44 
"unlist" "unique" "standardGeneric" "rbind" 1#44 
"sys.call" "%in%" "[.data.frame" 1#36 "[" 1#36 
1#44 
"[.data.frame" 1#36 "[" 1#36 
"rbind" "rbind" "eval" "eval" "eval" "standardGeneric" "rbind" 1#44 
"[[" 1#36 
"[.data.frame" 1#35 "[" 1#35 
"[<-.factor" "[<-" "rbind" "rbind" "eval" "eval" "eval" "standardGeneric" "rbind" 1#44 
"getDataPart" "doTryCatch" "tryCatchOne" "tryCatchList" "tryCatch" "ls" "keys" "keys" "names.hash" "names" "names" "standardGeneric" "%in%" 1#38 
"is.list" "rbind" "rbind" "eval" "eval" "eval" "standardGeneric" "rbind" 1#44 
"sort" "methods:::.selectDotsMethod" "standardGeneric" "rbind" 1#44 
"ls" "keys" "keys" "names.hash" "names" "names" "standardGeneric" "%in%" 1#38 
"ls" "keys" "keys" "names.hash" "names" "names" "standardGeneric" "%in%" 1#38 
"[.data.frame" 1#35 "[" 1#35 
"factor" "rbind" "rbind" "eval" "eval" "eval" "standardGeneric" "rbind" 1#44 
1#36 
"rbind" "rbind" "eval" "eval" "eval" "standardGeneric" "rbind" 1#44 
"[[" 1#35 
"&" 1#38 
"sort.int" "sort.default" "sort" "methods:::.selectDotsMethod" "standardGeneric" "rbind" 1#44 
"ls" "keys" "keys" "names.hash" "names" "names" "standardGeneric" "%in%" 1#38 
"[.data.frame" 2#8 "[" 2#8 "betweenFunction" 2#8 "overlapsFunction" 1#39 
"[.data.frame" 2#8 "[" 2#8 "betweenFunction" 2#8 "overlapsFunction" 1#39 
1#38 
"ls" "keys" "keys" "names.hash" "names" "names" "standardGeneric" "%in%" 1#38 
"ls" "keys" "keys" "names.hash" "names" "names" "standardGeneric" "%in%" 1#38 
"%in%" "[[.data.frame" "[[" "[.data.frame" "[" "eval" "eval" "eval" "standardGeneric" "rbind" 1#44 
2#8 "betweenFunction" 2#8 "overlapsFunction" 1#39 
"match.arg" "sort.int" "sort.default" "sort" "methods:::.selectDotsMethod" "standardGeneric" "rbind" 1#44 
2#3 "betweenFunction" 2#8 "overlapsFunction" 1#39 
"[.data.frame" 2#8 "[" 2#8 "betweenFunction" 2#8 "overlapsFunction" 1#39 
1#35 
"unique" "standardGeneric" "rbind" 1#44 
"tryCatchOne" "tryCatchList" "tryCatch" "ls" "keys" "keys" "names.hash" "names" "names" "standardGeneric" "%in%" 1#38 
"sort.int" "sort.default" "sort" "methods:::.selectDotsMethod" "standardGeneric" "rbind" 1#44 
2#3 "betweenFunction" 2#8 "overlapsFunction" 1#39 
"length" "rbind" "rbind" "eval" "eval" "eval" "standardGeneric" "rbind" 1#44 
"length" "[.data.frame" 2#8 "[" 2#8 "betweenFunction" 2#8 "overlapsFunction" 1#39 
"[.data.frame" 2#8 "[" 2#8 "betweenFunction" 2#8 "overlapsFunction" 1#39 
2#3 "betweenFunction" 2#8 "overlapsFunction" 1#39 
"eval" "standardGeneric" "rbind" 1#44 
"ls" "keys" "keys" "names.hash" "names" "names" "standardGeneric" "%in%" 1#38 
2#8 "overlapsFunction" 1#39 
"<Anonymous>" "[[.data.frame" "[[" "[.data.frame" "[" "eval" "eval" "eval" "standardGeneric" "rbind" 1#44 
"%in%" "[.data.frame" 2#8 "[" 2#8 "betweenFunction" 2#8 "overlapsFunction" 1#39 
"paste" ".sigLabel" "methods:::.selectDotsMethod" "standardGeneric" "rbind" 1#44 
"ls" "keys" "keys" "names.hash" "names" "names" "standardGeneric" "%in%" 1#38 
2#8 "[" 2#8 "betweenFunction" 2#8 "overlapsFunction" 1#39 
1#36 
"unique.default" "unique" "rbind" "rbind" "eval" "eval" "eval" "standardGeneric" "rbind" 1#44 
"ls" "keys" "keys" "names.hash" "names" "names" "standardGeneric" "%in%" 1#38 
"sys.call" "%in%" "[.data.frame" 1#36 "[" 1#36 
"levels" "rbind" "rbind" "eval" "eval" "eval" "standardGeneric" "rbind" 1#44 
1#44 
"names" "%in%" "[.data.frame" 1#36 "[" 1#36 
"is.factor" "rbind" "rbind" "eval" "eval" "eval" "standardGeneric" "rbind" 1#44 
"[[" 1#36 
1#35 
"tryCatch" "ls" "keys" "keys" "names.hash" "names" "names" "standardGeneric" "%in%" 1#38 
"ls" "keys" "keys" "names.hash" "names" "names" "standardGeneric" "%in%" 1#38 
"standardGeneric" "nrow" 1#64 
"[.data.frame" 1#73 "[" 1#73 
"[.data.frame" 1#72 "[" 1#72 
"unlist" ".list_order" ".list_sort" ".structure" ".make_set_from_list" "<Anonymous>" "do.call" "set_union" 1#103 
".subset" "[.data.frame" 1#73 "[" 1#73 
".as.list" ".list_sort" ".structure" ".make_set_from_list" ".set" "sets::set" 1#71 
"as.list" ".as.list.default" ".as.list" ".list_unique" ".as.list" ".list_sort" ".structure" ".make_set_from_list" ".set" "sets::set" 1#71 
"lapply" "unlist" "do.call" "set_union" 1#103 
"FUN" "lapply" "unlist" ".list_order" ".list_sort" ".structure" ".make_set_from_list" "<Anonymous>" "do.call" "set_union" 1#103 
2#8 "overlapsFunction" 1#91 
"FUN" "lapply" "unlist" ".list_order" ".list_sort" ".structure" ".make_set_from_list" "<Anonymous>" "do.call" "set_union" 1#103 
1#72 
1#71 
"is.pairlist" "eval" "match.arg" "order" ".list_order" ".list_sort" ".structure" ".make_set_from_list" "<Anonymous>" "do.call" "set_union" 1#103 
"cat" "str.default" "str" "doTryCatch" "tryCatchOne" "tryCatchList" "tryCatch" "try" "...elt" "withVisible" "capture.output" "doTryCatch" "tryCatchOne" "tryCatchList" "tryCatch" ".rs.withTimeLimit" ".rs.valueFromStr" ".rs.valueAsStringImpl" "doTryCatch" "tryCatchOne" "tryCatchList" "tryCatch" ".rs.valueAsString" ".rs.describeObject" 
"stopifnot" "is" ".rs.valueDescriptionImpl" "doTryCatch" "tryCatchOne" "tryCatchList" "tryCatch" ".rs.valueDescription" ".rs.describeObject" 
".rs.valueDescriptionImpl" "doTryCatch" "tryCatchOne" "tryCatchList" "tryCatch" ".rs.valueDescription" ".rs.describeObject" 
"duplicated" "setdiff" "strSub" "str.default" "NextMethod" "str.data.frame" "str" "doTryCatch" "tryCatchOne" "tryCatchList" "tryCatch" "try" "...elt" "withVisible" "capture.output" "doTryCatch" "tryCatchOne" "tryCatchList" "tryCatch" ".rs.withTimeLimit" ".rs.valueFromStr" ".rs.valueContentsImpl" "doTryCatch" "tryCatchOne" "tryCatchList" "tryCatch" ".rs.valueContents" ".rs.describeObject" 
"strSub" "str.default" "str" "str.set" "str" "<Anonymous>" "do.call" "strSub" "str.default" "str" "<Anonymous>" "do.call" "strSub" "str.default" "str" "doTryCatch" "tryCatchOne" "tryCatchList" "tryCatch" "try" "...elt" "withVisible" "capture.output" "doTryCatch" "tryCatchOne" "tryCatchList" "tryCatch" ".rs.withTimeLimit" ".rs.valueFromStr" ".rs.valueContentsImpl" "doTryCatch" "tryCatchOne" "tryCatchList" "tryCatch" ".rs.valueContents" ".rs.describeObject" 
"setdiff" "strSub" "str.default" "str" "str.set" "str" "<Anonymous>" "do.call" "strSub" "str.default" "str" "<Anonymous>" "do.call" "strSub" "str.default" "str" "doTryCatch" "tryCatchOne" "tryCatchList" "tryCatch" "try" "...elt" "withVisible" "capture.output" "doTryCatch" "tryCatchOne" "tryCatchList" "tryCatch" ".rs.withTimeLimit" ".rs.valueFromStr" ".rs.valueContentsImpl" "doTryCatch" "tryCatchOne" "tryCatchList" "tryCatch" ".rs.valueContents" ".rs.describeObject" 
"paste0" ".format.zeros" "prettyNum" "format.default" "format" "format.fun" "paste" "nchar.w" "maybe_truncate" "formObj" "cat" "str.default" "str" "<Anonymous>" "do.call" "strSub" "str.default" "str" "str.set" "str" "<Anonymous>" "do.call" "strSub" "str.default" "str" "<Anonymous>" "do.call" "strSub" "str.default" "str" "doTryCatch" "tryCatchOne" "tryCatchList" "tryCatch" "try" "...elt" "withVisible" "capture.output" "doTryCatch" "tryCatchOne" "tryCatchList" "tryCatch" ".rs.withTimeLimit" ".rs.valueFromStr" ".rs.valueContentsImpl" "doTryCatch" "tryCatchOne" "tryCatchList" "tryCatch" ".rs.valueContents" ".rs.describeObject" 
"%in%" "modifyList" "str.default" "str" "<Anonymous>" "do.call" "strSub" "str.default" "str" "<Anonymous>" "do.call" "strSub" "str.default" "str" "doTryCatch" "tryCatchOne" "tryCatchList" "tryCatch" "try" "...elt" "withVisible" "capture.output" "doTryCatch" "tryCatchOne" "tryCatchList" "tryCatch" ".rs.withTimeLimit" ".rs.valueFromStr" ".rs.valueContentsImpl" "doTryCatch" "tryCatchOne" "tryCatchList" "tryCatch" ".rs.valueContents" ".rs.describeObject" 
"match.arg" "str.default" "str" "<Anonymous>" "do.call" "strSub" "str.default" "str" "doTryCatch" "tryCatchOne" "tryCatchList" "tryCatch" "try" "...elt" "withVisible" "capture.output" "doTryCatch" "tryCatchOne" "tryCatchList" "tryCatch" ".rs.withTimeLimit" ".rs.valueFromStr" ".rs.valueContentsImpl" "doTryCatch" "tryCatchOne" "tryCatchList" "tryCatch" ".rs.valueContents" ".rs.describeObject" 
"prettyNum" "format.default" "format" "format.fun" "paste" "nchar.w" "maybe_truncate" "formObj" "cat" "str.default" "str" "<Anonymous>" "do.call" "strSub" "str.default" "str" "<Anonymous>" "do.call" "strSub" "str.default" "str" "doTryCatch" "tryCatchOne" "tryCatchList" "tryCatch" "try" "...elt" "withVisible" "capture.output" "doTryCatch" "tryCatchOne" "tryCatchList" "tryCatch" ".rs.withTimeLimit" ".rs.valueFromStr" ".rs.valueContentsImpl" "doTryCatch" "tryCatchOne" "tryCatchList" "tryCatch" ".rs.valueContents" ".rs.describeObject" 
"str" "<Anonymous>" "do.call" "strSub" "str.default" "str" "<Anonymous>" "do.call" "strSub" "str.default" "str" "doTryCatch" "tryCatchOne" "tryCatchList" "tryCatch" "try" "...elt" "withVisible" "capture.output" "doTryCatch" "tryCatchOne" "tryCatchList" "tryCatch" ".rs.withTimeLimit" ".rs.valueFromStr" ".rs.valueContentsImpl" "doTryCatch" "tryCatchOne" "tryCatchList" "tryCatch" ".rs.valueContents" ".rs.describeObject" 
"modifyList" "str.default" "str" "<Anonymous>" "do.call" "strSub" "str.default" "str" "<Anonymous>" "do.call" "strSub" "str.default" "str" "doTryCatch" "tryCatchOne" "tryCatchList" "tryCatch" "try" "...elt" "withVisible" "capture.output" "doTryCatch" "tryCatchOne" "tryCatchList" "tryCatch" ".rs.withTimeLimit" ".rs.valueFromStr" ".rs.valueContentsImpl" "doTryCatch" "tryCatchOne" "tryCatchList" "tryCatch" ".rs.valueContents" ".rs.describeObject" 
"eval" "FUN" "lapply" "strSub" "str.default" "str" "doTryCatch" "tryCatchOne" "tryCatchList" "tryCatch" "try" "...elt" "withVisible" "capture.output" "doTryCatch" "tryCatchOne" "tryCatchList" "tryCatch" ".rs.withTimeLimit" ".rs.valueFromStr" ".rs.valueContentsImpl" "doTryCatch" "tryCatchOne" "tryCatchList" "tryCatch" ".rs.valueContents" ".rs.describeObject" 
"options" "str.default" "str" "<Anonymous>" "do.call" "strSub" "str.default" "str" "str.set" "str" "<Anonymous>" "do.call" "strSub" "str.default" "str" "<Anonymous>" "do.call" "strSub" "str.default" "str" "doTryCatch" "tryCatchOne" "tryCatchList" "tryCatch" "try" "...elt" "withVisible" "capture.output" "doTryCatch" "tryCatchOne" "tryCatchList" "tryCatch" ".rs.withTimeLimit" ".rs.valueFromStr" ".rs.valueContentsImpl" "doTryCatch" "tryCatchOne" "tryCatchList" "tryCatch" ".rs.valueContents" ".rs.describeObject" 
"all" "stopifnot" "modifyList" "str.default" "str" "<Anonymous>" "do.call" "strSub" "str.default" "str" "<Anonymous>" "do.call" "strSub" "str.default" "str" "doTryCatch" "tryCatchOne" "tryCatchList" "tryCatch" "try" "...elt" "withVisible" "capture.output" "doTryCatch" "tryCatchOne" "tryCatchList" "tryCatch" ".rs.withTimeLimit" ".rs.valueFromStr" ".rs.valueContentsImpl" "doTryCatch" "tryCatchOne" "tryCatchList" "tryCatch" ".rs.valueContents" ".rs.describeObject" 
"match.arg" "prettyNum" "format.default" "format" "format.fun" "paste" "nchar.w" "maybe_truncate" "formObj" "cat" "str.default" "str" "<Anonymous>" "do.call" "strSub" "str.default" "str" "str.set" "str" "<Anonymous>" "do.call" "strSub" "str.default" "str" "<Anonymous>" "do.call" "strSub" "str.default" "str" "doTryCatch" "tryCatchOne" "tryCatchList" "tryCatch" "try" "...elt" "withVisible" "capture.output" "doTryCatch" "tryCatchOne" "tryCatchList" "tryCatch" ".rs.withTimeLimit" ".rs.valueFromStr" ".rs.valueContentsImpl" "doTryCatch" "tryCatchOne" "tryCatchList" "tryCatch" ".rs.valueContents" ".rs.describeObject" 
"duplicated" "setdiff" "strSub" "str.default" "str" "<Anonymous>" "do.call" "strSub" "str.default" "str" "doTryCatch" "tryCatchOne" "tryCatchList" "tryCatch" "try" "...elt" "withVisible" "capture.output" "doTryCatch" "tryCatchOne" "tryCatchList" "tryCatch" ".rs.withTimeLimit" ".rs.valueFromStr" ".rs.valueContentsImpl" "doTryCatch" "tryCatchOne" "tryCatchList" "tryCatch" ".rs.valueContents" ".rs.describeObject" 
"is.pairlist" "eval" "FUN" "lapply" "strSub" "str.default" "str" "<Anonymous>" "do.call" "strSub" "str.default" "str" "doTryCatch" "tryCatchOne" "tryCatchList" "tryCatch" "try" "...elt" "withVisible" "capture.output" "doTryCatch" "tryCatchOne" "tryCatchList" "tryCatch" ".rs.withTimeLimit" ".rs.valueFromStr" ".rs.valueContentsImpl" "doTryCatch" "tryCatchOne" "tryCatchList" "tryCatch" ".rs.valueContents" ".rs.describeObject" 
"eval" "FUN" "lapply" "strSub" "str.default" "str" "<Anonymous>" "do.call" "strSub" "str.default" "str" "doTryCatch" "tryCatchOne" "tryCatchList" "tryCatch" "try" "...elt" "withVisible" "capture.output" "doTryCatch" "tryCatchOne" "tryCatchList" "tryCatch" ".rs.withTimeLimit" ".rs.valueFromStr" ".rs.valueContentsImpl" "doTryCatch" "tryCatchOne" "tryCatchList" "tryCatch" ".rs.valueContents" ".rs.describeObject" 
"sys.call" "match.call" "as.vector" "setdiff" "strSub" "str.default" "str" "<Anonymous>" "do.call" "strSub" "str.default" "str" "doTryCatch" "tryCatchOne" "tryCatchList" "tryCatch" "try" "...elt" "withVisible" "capture.output" "doTryCatch" "tryCatchOne" "tryCatchList" "tryCatch" ".rs.withTimeLimit" ".rs.valueFromStr" ".rs.valueContentsImpl" "doTryCatch" "tryCatchOne" "tryCatchList" "tryCatch" ".rs.valueContents" ".rs.describeObject" 
"str" "<Anonymous>" "do.call" "strSub" "str.default" "str" "<Anonymous>" "do.call" "strSub" "str.default" "str" "doTryCatch" "tryCatchOne" "tryCatchList" "tryCatch" "try" "...elt" "withVisible" "capture.output" "doTryCatch" "tryCatchOne" "tryCatchList" "tryCatch" ".rs.withTimeLimit" ".rs.valueFromStr" ".rs.valueContentsImpl" "doTryCatch" "tryCatchOne" "tryCatchList" "tryCatch" ".rs.valueContents" ".rs.describeObject" 
"lapply" "strSub" "str.default" "str" "<Anonymous>" "do.call" "strSub" "str.default" "str" "doTryCatch" "tryCatchOne" "tryCatchList" "tryCatch" "try" "...elt" "withVisible" "capture.output" "doTryCatch" "tryCatchOne" "tryCatchList" "tryCatch" ".rs.withTimeLimit" ".rs.valueFromStr" ".rs.valueContentsImpl" "doTryCatch" "tryCatchOne" "tryCatchList" "tryCatch" ".rs.valueContents" ".rs.describeObject" 
"structure" "object.size" ".rs.describeObject" 
"encodeString" "str.default" "str" "<Anonymous>" "do.call" "strSub" "str.default" "NextMethod" "str.data.frame" "str" "doTryCatch" "tryCatchOne" "tryCatchList" "tryCatch" "try" "...elt" "withVisible" "capture.output" "doTryCatch" "tryCatchOne" "tryCatchList" "tryCatch" ".rs.withTimeLimit" ".rs.valueFromStr" ".rs.valueContentsImpl" "doTryCatch" "tryCatchOne" "tryCatchList" "tryCatch" ".rs.valueContents" ".rs.describeObject" 
